A D/bfd////
A D/binutils////
A D/blt////
A D/cgen////
A D/config////
A D/contrib////
A D/cpu////
A D/dejagnu////
A D/elfcpp////
A D/etc////
A D/expat////
A D/expect////
A D/gas////
A D/gdb////
A D/gold////
A D/gprof////
A D/include////
A D/intl////
A D/itcl////
A D/iwidgets////
A D/ld////
A D/libdecnumber////
A D/libgloss////
A D/libgui////
A D/libiberty////
A D/mmalloc////
A D/newlib////
A D/opcodes////
A D/proto-toplev////
A D/rda////
A D/readline////
A D/sid////
A D/sim////
A D/tcl////
A D/texinfo////
A D/tix////
A D/tk////
A D/utils////
A D/winsup////
