A D/arc////
A D/arm////
A D/avr////
A D/bfin////
A D/common////
A D/cr16////
A D/cris////
A D/d10v////
A D/d30v////
A D/erc32////
A D/fr30////
A D/frv////
A D/h8300////
A D/h8500////
A D/i960////
A D/igen////
A D/iq2000////
A D/lm32////
A D/m32c////
A D/m32r////
A D/m68hc11////
A D/mcore////
A D/microblaze////
A D/mips////
A D/mn10200////
A D/mn10300////
A D/moxie////
A D/ppc////
A D/rl78////
A D/rx////
A D/sh////
A D/sh64////
A D/testsuite////
A D/tic80////
A D/v850////
A D/w65////
A D/z8k////
