A D/a29k////
A D/alpha////
A D/arc////
A D/arm////
A D/avr////
A D/convex////
A D/cris////
A D/d10v////
A D/d30v////
A D/djgpp////
A D/fr30////
A D/frv////
A D/gould////
A D/h8300////
A D/h8500////
A D/i386////
A D/i960////
A D/ia64////
A D/iq2000////
A D/m32c////
A D/m32r////
A D/m68hc11////
A D/m68k////
A D/m88k////
A D/mcore////
A D/mep////
A D/mips////
A D/mn10200////
A D/mn10300////
A D/ms1////
A D/mt////
A D/none////
A D/ns32k////
A D/pa////
A D/powerpc////
A D/pyr////
A D/romp////
A D/rs6000////
A D/s390////
A D/score////
A D/sh////
A D/sh64////
A D/sparc////
A D/spu////
A D/tahoe////
A D/tic80////
A D/v850////
A D/vax////
A D/w65////
A D/xstormy16////
A D/xtensa////
A D/z8k////
